<?xml version="1.0" encoding="UTF-8"?>
<!-- Generated by org.testng.reporters.JUnitReportReporter -->
<testsuite skipped="1" hostname="SMPanasa1IN" name="com.MavenPractise01Jan.PriorityScenarioTest" tests="6" failures="0" timestamp="03 Jan 2020 18:07:15 GMT" time="0.030" errors="0">
  <testcase name="test3" time="0.012" classname="com.MavenPractise01Jan.PriorityScenarioTest"/>
  <testcase name="test4" time="0.005" classname="com.MavenPractise01Jan.PriorityScenarioTest"/>
  <testcase name="test6" time="0.005" classname="com.MavenPractise01Jan.PriorityScenarioTest"/>
  <testcase name="test1" time="0.004" classname="com.MavenPractise01Jan.PriorityScenarioTest"/>
  <testcase name="test2" time="0.004" classname="com.MavenPractise01Jan.PriorityScenarioTest"/>
  <testcase name="test5" classname="com.MavenPractise01Jan.PriorityScenarioTest">
    <skipped/>
  </testcase> <!-- test5 -->
</testsuite> <!-- com.MavenPractise01Jan.PriorityScenarioTest -->
